[INFO] Scanning for projects...
[INFO] 
[INFO] --------------------------< com.ankesh:eCom >---------------------------
[INFO] Building eCom 0.0.1-SNAPSHOT
[INFO]   from pom.xml
[INFO] --------------------------------[ jar ]---------------------------------
[INFO] 
[INFO] --- clean:3.5.0:clean (default-clean) @ eCom ---
[INFO] Deleting C:\Users\ankes\Desktop\Dev\Spring\E-com\eCom\target
[INFO] 
[INFO] --- resources:3.3.1:resources (default-resources) @ eCom ---
[INFO] Copying 1 resource from src\main\resources to target\classes
[INFO] Copying 1 resource from src\main\resources to target\classes
[INFO] 
[INFO] --- compiler:3.14.1:compile (default-compile) @ eCom ---
[INFO] Recompiling the module because of changed source code.
[INFO] Compiling 5 source files with javac [debug parameters release 21] to target\classes
[INFO] -------------------------------------------------------------
[ERROR] COMPILATION ERROR : 
[INFO] -------------------------------------------------------------
[ERROR] /C:/Users/ankes/Desktop/Dev/Spring/E-com/eCom/src/main/java/com/ankesh/eCom/controller/productController.java:[71,42] cannot find symbol
  symbol:   method getImageData()
  location: variable fetchedProduct of type com.ankesh.eCom.model.product
[ERROR] /C:/Users/ankes/Desktop/Dev/Spring/E-com/eCom/src/main/java/com/ankesh/eCom/controller/productController.java:[73,54] cannot find symbol
  symbol:   method getImageType()
  location: variable fetchedProduct of type com.ankesh.eCom.model.product
[ERROR] /C:/Users/ankes/Desktop/Dev/Spring/E-com/eCom/src/main/java/com/ankesh/eCom/service/productService.java:[25,10] cannot find symbol
  symbol:   method setImageName(java.lang.String)
  location: variable p of type com.ankesh.eCom.model.product
[ERROR] /C:/Users/ankes/Desktop/Dev/Spring/E-com/eCom/src/main/java/com/ankesh/eCom/service/productService.java:[26,10] cannot find symbol
  symbol:   method setImageType(java.lang.String)
  location: variable p of type com.ankesh.eCom.model.product
[ERROR] /C:/Users/ankes/Desktop/Dev/Spring/E-com/eCom/src/main/java/com/ankesh/eCom/service/productService.java:[27,10] cannot find symbol
  symbol:   method setImageData(byte[])
  location: variable p of type com.ankesh.eCom.model.product
[INFO] 5 errors 
[INFO] -------------------------------------------------------------
[INFO] ------------------------------------------------------------------------
[INFO] BUILD FAILURE
[INFO] ------------------------------------------------------------------------
[INFO] Total time:  1.899 s
[INFO] Finished at: 2026-02-10T01:01:04+05:30
[INFO] ------------------------------------------------------------------------
[ERROR] Failed to execute goal org.apache.maven.plugins:maven-compiler-plugin:3.14.1:compile (default-compile) on project eCom: Compilation failure: Compilation failure: 
[ERROR] /C:/Users/ankes/Desktop/Dev/Spring/E-com/eCom/src/main/java/com/ankesh/eCom/controller/productController.java:[71,42] cannot find symbol
[ERROR]   symbol:   method getImageData()
[ERROR]   location: variable fetchedProduct of type com.ankesh.eCom.model.product
[ERROR] /C:/Users/ankes/Desktop/Dev/Spring/E-com/eCom/src/main/java/com/ankesh/eCom/controller/productController.java:[73,54] cannot find symbol
[ERROR]   symbol:   method getImageType()
[ERROR]   location: variable fetchedProduct of type com.ankesh.eCom.model.product
[ERROR] /C:/Users/ankes/Desktop/Dev/Spring/E-com/eCom/src/main/java/com/ankesh/eCom/service/productService.java:[25,10] cannot find symbol
[ERROR]   symbol:   method setImageName(java.lang.String)
[ERROR]   location: variable p of type com.ankesh.eCom.model.product
[ERROR] /C:/Users/ankes/Desktop/Dev/Spring/E-com/eCom/src/main/java/com/ankesh/eCom/service/productService.java:[26,10] cannot find symbol
[ERROR]   symbol:   method setImageType(java.lang.String)
[ERROR]   location: variable p of type com.ankesh.eCom.model.product
[ERROR] /C:/Users/ankes/Desktop/Dev/Spring/E-com/eCom/src/main/java/com/ankesh/eCom/service/productService.java:[27,10] cannot find symbol
[ERROR]   symbol:   method setImageData(byte[])
[ERROR]   location: variable p of type com.ankesh.eCom.model.product
[ERROR] -> [Help 1]
[ERROR] 
[ERROR] To see the full stack trace of the errors, re-run Maven with the -e switch.
[ERROR] Re-run Maven using the -X switch to enable full debug logging.
[ERROR] 
[ERROR] For more information about the errors and possible solutions, please read the following articles:
[ERROR] [Help 1] http://cwiki.apache.org/confluence/display/MAVEN/MojoFailureException
